SQL> 
SQL> -- ============================================================================
SQL> -- A completer
SQL> -- ============================================================================
SQL> 
SQL> set linesize 200;
SQL> set pagesize 200;
SQL> 
SQL> 
SQL> SELECT  *
  2  FROM    USER_ROLE_PRIVS;

USERNAME                                                                                                                                                                                                
--------------------------------------------------------------------------------------------------------------------------------------------------------------------------------------------------------
GRANTED_ROLE                                                                                                                                                                                            
--------------------------------------------------------------------------------------------------------------------------------------------------------------------------------------------------------
ADMIN_OPTION    DELEGATE_ DEFAULT_R OS_GRANTE COMMON                                                                                                                                                    
--------------- --------- --------- --------- ---------                                                                                                                                                 
TOLIVIA                                                                                                                                                                                                 
ROLE_INFO1                                                                                                                                                                                              
NO              NO        YES       NO        NO                                                                                                                                                        
                                                                                                                                                                                                        
TOLIVIA                                                                                                                                                                                                 
TOLIVIA_DTEXIER_TECHINICIEN                                                                                                                                                                             
YES             NO        YES       NO        NO                                                                                                                                                        
                                                                                                                                                                                                        
TOLIVIA                                                                                                                                                                                                 
TOLIVIA_OPER                                                                                                                                                                                            
YES             NO        YES       NO        NO                                                                                                                                                        
                                                                                                                                                                                                        
TOLIVIA                                                                                                                                                                                                 
TOLIVIA_RESPORT                                                                                                                                                                                         
YES             NO        YES       NO        NO                                                                                                                                                        
                                                                                                                                                                                                        

SQL> 
SQL> -- ============================================================================
SQL> -- Fin à completer
SQL> -- ============================================================================
SQL> 
SQL> set echo off
